<?xml version="1.0" encoding="UTF-8"?>
<!-- Generated by org.testng.reporters.JUnitReportReporter -->
<testsuite hostname="QT-INNO-LT1626" failures="0" tests="1" name="com.playStore.TestCases.bookMovieTest" time="15.539" errors="0" timestamp="2022-11-28T11:33:36 IST" skipped="0">
  <testcase classname="com.playStore.TestCases.bookMovieTest" name="verifyBuyAMovieTest" time="15.539"/>
  <system-out/>
</testsuite> <!-- com.playStore.TestCases.bookMovieTest -->
