<?xml version="1.0" encoding="UTF-8"?>
<!-- Generated by org.testng.reporters.JUnitReportReporter -->
<testsuite hostname="QT-INNO-LT1626" failures="0" tests="3" name="com.playStore.TestCases.countMoviesTest" time="1.917" errors="0" timestamp="2022-11-28T16:06:42 IST" skipped="0">
  <testcase classname="com.playStore.TestCases.countMoviesTest" name="moviesPageTitleTest" time="0.020"/>
  <system-out/>
  <testcase classname="com.playStore.TestCases.countMoviesTest" name="gamesPageLogoTest" time="0.080"/>
  <system-out/>
  <testcase classname="com.playStore.TestCases.countMoviesTest" name="VerifyCountMoviesPresent" time="1.817"/>
  <system-out/>
</testsuite> <!-- com.playStore.TestCases.countMoviesTest -->
